<?xml version="1.0" encoding="UTF-8"?>
<testsuite xmlns:xsi="http://www.w3.org/2001/XMLSchema-instance" xsi:noNamespaceSchemaLocation="https://maven.apache.org/surefire/maven-surefire-plugin/xsd/surefire-test-report.xsd" name="pioneer.seahorse.distribution.dao.DeliveryclerkDaoTest" time="0.348" tests="1" errors="0" skipped="0" failures="0">
  <properties>
[...]
</properties>
  <testcase name="testGetRoot" classname="pioneer.seahorse.distribution.dao.DeliveryclerkDaoTest" time="0.34"/>
</testsuite>